<?xml version="1.0" encoding="UTF-8"?>
<!-- Generated by org.testng.reporters.JUnitReportReporter -->
<testsuite hostname="DESKTOP-S1MVL0H" failures="0" tests="3" name="com.Testng.ParallelExecution" time="0.013" errors="0" timestamp="2020-12-26T11:20:35 IST" skipped="0">
  <testcase classname="com.Testng.ParallelExecution" name="Testcase1" time="0.010"/>
  <system-out/>
  <testcase classname="com.Testng.ParallelExecution" name="Testcase3" time="0.002"/>
  <system-out/>
  <testcase classname="com.Testng.ParallelExecution" name="Testcase2" time="0.001"/>
  <system-out/>
</testsuite> <!-- com.Testng.ParallelExecution -->
