<?xml version="1.0" encoding="UTF-8"?>
<!-- Generated by org.testng.reporters.JUnitReportReporter -->
<testsuite hostname="DESKTOP-S1MVL0H" failures="0" tests="3" name="com.Testng.PriorityTestCase" time="0.012" errors="0" timestamp="2020-12-24T20:40:33 IST" skipped="0">
  <testcase classname="com.Testng.PriorityTestCase" name="Testcase3" time="0.007"/>
  <system-out/>
  <testcase classname="com.Testng.PriorityTestCase" name="Testcase1" time="0.002"/>
  <system-out/>
  <testcase classname="com.Testng.PriorityTestCase" name="Testcase2" time="0.003"/>
  <system-out/>
</testsuite> <!-- com.Testng.PriorityTestCase -->
