<?xml version="1.0" encoding="UTF-8"?>
<!-- Generated by org.testng.reporters.JUnitReportReporter -->
<testsuite hostname="DESKTOP-S1MVL0H" failures="0" tests="3" name="com.Testng.SampleTestCase" time="0.043" errors="0" timestamp="2020-12-24T20:30:19 IST" skipped="0">
  <testcase classname="com.Testng.SampleTestCase" name="Testcase2" time="0.026"/>
  <system-out/>
  <testcase classname="com.Testng.SampleTestCase" name="Testcase1" time="0.006"/>
  <system-out/>
  <testcase classname="com.Testng.SampleTestCase" name="Testcase3" time="0.011"/>
  <system-out/>
</testsuite> <!-- com.Testng.SampleTestCase -->
