<?xml version="1.0" encoding="UTF-8"?>
<!-- Generated by org.testng.reporters.JUnitReportReporter -->
<testsuite hostname="DESKTOP-S1MVL0H" failures="0" tests="1" name="com.Testng.WrapperCallTestng" time="15.942" errors="0" timestamp="2020-12-26T11:47:07 IST" skipped="0">
  <testcase classname="com.Testng.WrapperCallTestng" name="f" time="15.942"/>
  <system-out/>
</testsuite> <!-- com.Testng.WrapperCallTestng -->
