<?xml version="1.0" encoding="UTF-8"?>
<!-- Generated by org.testng.reporters.JUnitReportReporter -->
<testsuite hostname="DESKTOP-S1MVL0H" failures="0" tests="3" name="com.Testng.ParallelExecution1" time="0.012" errors="0" timestamp="2020-12-26T11:20:35 IST" skipped="0">
  <testcase classname="com.Testng.ParallelExecution1" name="Testcase4" time="0.010"/>
  <system-out/>
  <testcase classname="com.Testng.ParallelExecution1" name="Testcase6" time="0.001"/>
  <system-out/>
  <testcase classname="com.Testng.ParallelExecution1" name="Testcase5" time="0.001"/>
  <system-out/>
</testsuite> <!-- com.Testng.ParallelExecution1 -->
